<?xml version="1.0" encoding="UTF-8"?>
<testng-results skipped="0" failed="0" total="1" passed="1">
  <reporter-output>
  </reporter-output>
  <suite name="Command line suite" duration-ms="14931" started-at="2012-08-17T15:11:58Z" finished-at="2012-08-17T15:12:13Z">
    <groups>
    </groups>
    <test name="Command line test" duration-ms="14931" started-at="2012-08-17T15:11:58Z" finished-at="2012-08-17T15:12:13Z">
      <class name="net.es.oscars.meican.test.BridgeClientTest">
        <test-method status="PASS" signature="testBridge()[pri:0, instance:net.es.oscars.meican.test.BridgeClientTest@e949f69]" name="testBridge" duration-ms="14901" started-at="2012-08-17T15:11:58Z" finished-at="2012-08-17T15:12:13Z">
        </test-method>
      </class>
    </test>
  </suite>
</testng-results>
